This file contains any messages produced by compilers while
running configure, to aid debugging if configure makes a mistake.

It was created by configure, which was
generated by GNU Autoconf 2.69.  Invocation command line was

  $ /proj/uic-dcs-PG0/fshahi52/httpd/httpd-trunk/srclib/apr-util/configure --disable-option-checking --enable-so --enable-ssl --with-mpm=prefork --with-included-apr --with-included-apr-util --cache-file=/dev/null --srcdir=/proj/uic-dcs-PG0/fshahi52/httpd/httpd-trunk/srclib/apr-util --with-apr=../apr --prefix=/usr/local/apache2 --exec-prefix=/usr/local/apache2 --libdir=${prefix}/lib --includedir=/usr/local/apache2/include --bindir=${prefix}/bin

## --------- ##
## Platform. ##
## --------- ##

hostname = node-0.tas-httpd-exp.uic-dcs-pg0.clemson.cloudlab.us
uname -m = x86_64
uname -r = 4.15.0-101-generic
uname -s = Linux
uname -v = #102-Ubuntu SMP Mon May 11 10:07:26 UTC 2020

/usr/bin/uname -p = unknown
/bin/uname -X     = unknown

/bin/arch              = unknown
/usr/bin/arch -k       = unknown
/usr/convex/getsysinfo = unknown
/usr/bin/hostinfo      = unknown
/bin/machine           = unknown
/usr/bin/oslevel       = unknown
/bin/universe          = unknown

PATH: /usr/local/sbin
PATH: /usr/local/bin
PATH: /usr/sbin
PATH: /usr/bin
PATH: /sbin
PATH: /bin
PATH: /usr/games
PATH: /usr/local/games


## ----------- ##
## Core tests. ##
## ----------- ##

configure:2608: checking build system type
configure:2622: result: x86_64-pc-linux-gnu
configure:2642: checking host system type
configure:2655: result: x86_64-pc-linux-gnu
configure:2675: checking target system type
configure:2688: result: x86_64-pc-linux-gnu
configure:2730: checking for a BSD-compatible install
configure:2798: result: /usr/bin/install -c
configure:2833: checking for working mkdir -p
configure:2849: result: yes
configure:2943: checking for chosen layout
configure:2945: result: apr-util
configure:3117: checking for gcc
configure:3133: found /usr/bin/gcc
configure:3144: result: gcc
configure:3373: checking for C compiler version
configure:3382: gcc --version >&5
gcc (Ubuntu 7.5.0-3ubuntu1~18.04) 7.5.0
Copyright (C) 2017 Free Software Foundation, Inc.
This is free software; see the source for copying conditions.  There is NO
warranty; not even for MERCHANTABILITY or FITNESS FOR A PARTICULAR PURPOSE.

configure:3393: $? = 0
configure:3382: gcc -v >&5
Using built-in specs.
COLLECT_GCC=gcc
COLLECT_LTO_WRAPPER=/usr/lib/gcc/x86_64-linux-gnu/7/lto-wrapper
OFFLOAD_TARGET_NAMES=nvptx-none
OFFLOAD_TARGET_DEFAULT=1
Target: x86_64-linux-gnu
Configured with: ../src/configure -v --with-pkgversion='Ubuntu 7.5.0-3ubuntu1~18.04' --with-bugurl=file:///usr/share/doc/gcc-7/README.Bugs --enable-languages=c,ada,c++,go,brig,d,fortran,objc,obj-c++ --prefix=/usr --with-gcc-major-version-only --program-suffix=-7 --program-prefix=x86_64-linux-gnu- --enable-shared --enable-linker-build-id --libexecdir=/usr/lib --without-included-gettext --enable-threads=posix --libdir=/usr/lib --enable-nls --enable-bootstrap --enable-clocale=gnu --enable-libstdcxx-debug --enable-libstdcxx-time=yes --with-default-libstdcxx-abi=new --enable-gnu-unique-object --disable-vtable-verify --enable-libmpx --enable-plugin --enable-default-pie --with-system-zlib --with-target-system-zlib --enable-objc-gc=auto --enable-multiarch --disable-werror --with-arch-32=i686 --with-abi=m64 --with-multilib-list=m32,m64,mx32 --enable-multilib --with-tune=generic --enable-offload-targets=nvptx-none --without-cuda-driver --enable-checking=release --build=x86_64-linux-gnu --host=x86_64-linux-gnu --target=x86_64-linux-gnu
Thread model: posix
gcc version 7.5.0 (Ubuntu 7.5.0-3ubuntu1~18.04) 
configure:3393: $? = 0
configure:3382: gcc -V >&5
gcc: error: unrecognized command line option '-V'
gcc: fatal error: no input files
compilation terminated.
configure:3393: $? = 1
configure:3382: gcc -qversion >&5
gcc: error: unrecognized command line option '-qversion'; did you mean '--version'?
gcc: fatal error: no input files
compilation terminated.
configure:3393: $? = 1
configure:3413: checking whether the C compiler works
configure:3435: gcc    conftest.c  >&5
configure:3439: $? = 0
configure:3487: result: yes
configure:3490: checking for C compiler default output file name
configure:3492: result: a.out
configure:3498: checking for suffix of executables
configure:3505: gcc -o conftest    conftest.c  >&5
configure:3509: $? = 0
configure:3531: result: 
configure:3553: checking whether we are cross compiling
configure:3561: gcc -o conftest    conftest.c  >&5
configure:3565: $? = 0
configure:3572: ./conftest
configure:3576: $? = 0
configure:3591: result: no
configure:3596: checking for suffix of object files
configure:3618: gcc -c   conftest.c >&5
configure:3622: $? = 0
configure:3643: result: o
configure:3647: checking whether we are using the GNU C compiler
configure:3666: gcc -c   conftest.c >&5
configure:3666: $? = 0
configure:3675: result: yes
configure:3684: checking whether gcc accepts -g
configure:3704: gcc -c -g  conftest.c >&5
configure:3704: $? = 0
configure:3745: result: yes
configure:3762: checking for gcc option to accept ISO C89
configure:3825: gcc  -c -g -O2  conftest.c >&5
configure:3825: $? = 0
configure:3838: result: none needed
configure:4015: checking for APR
configure:4094: result: yes
configure:4361: checking how to run the C preprocessor
configure:4431: result: gcc -E
configure:4451: gcc -E  -DLINUX -D_REENTRANT -D_GNU_SOURCE conftest.c
configure:4451: $? = 0
configure:4465: gcc -E  -DLINUX -D_REENTRANT -D_GNU_SOURCE conftest.c
conftest.c:9:10: fatal error: ac_nonexistent.h: No such file or directory
 #include <ac_nonexistent.h>
          ^~~~~~~~~~~~~~~~~~
compilation terminated.
configure:4465: $? = 1
configure: failed program was:
| /* confdefs.h */
| #define PACKAGE_NAME ""
| #define PACKAGE_TARNAME ""
| #define PACKAGE_VERSION ""
| #define PACKAGE_STRING ""
| #define PACKAGE_BUGREPORT ""
| #define PACKAGE_URL ""
| /* end confdefs.h.  */
| #include <ac_nonexistent.h>
configure:4494: checking for grep that handles long lines and -e
configure:4552: result: /bin/grep
configure:4557: checking for egrep
configure:4619: result: /bin/grep -E
configure:4624: checking for ANSI C header files
configure:4644: gcc -c -g -O2 -pthread  -DLINUX -D_REENTRANT -D_GNU_SOURCE conftest.c >&5
configure:4644: $? = 0
configure:4717: gcc -o conftest -g -O2 -pthread  -DLINUX -D_REENTRANT -D_GNU_SOURCE  conftest.c  >&5
configure:4717: $? = 0
configure:4717: ./conftest
configure:4717: $? = 0
configure:4728: result: yes
configure:4741: checking for sys/types.h
configure:4741: gcc -c -g -O2 -pthread  -DLINUX -D_REENTRANT -D_GNU_SOURCE conftest.c >&5
configure:4741: $? = 0
configure:4741: result: yes
configure:4741: checking for sys/stat.h
configure:4741: gcc -c -g -O2 -pthread  -DLINUX -D_REENTRANT -D_GNU_SOURCE conftest.c >&5
configure:4741: $? = 0
configure:4741: result: yes
configure:4741: checking for stdlib.h
configure:4741: gcc -c -g -O2 -pthread  -DLINUX -D_REENTRANT -D_GNU_SOURCE conftest.c >&5
configure:4741: $? = 0
configure:4741: result: yes
configure:4741: checking for string.h
configure:4741: gcc -c -g -O2 -pthread  -DLINUX -D_REENTRANT -D_GNU_SOURCE conftest.c >&5
configure:4741: $? = 0
configure:4741: result: yes
configure:4741: checking for memory.h
configure:4741: gcc -c -g -O2 -pthread  -DLINUX -D_REENTRANT -D_GNU_SOURCE conftest.c >&5
configure:4741: $? = 0
configure:4741: result: yes
configure:4741: checking for strings.h
configure:4741: gcc -c -g -O2 -pthread  -DLINUX -D_REENTRANT -D_GNU_SOURCE conftest.c >&5
configure:4741: $? = 0
configure:4741: result: yes
configure:4741: checking for inttypes.h
configure:4741: gcc -c -g -O2 -pthread  -DLINUX -D_REENTRANT -D_GNU_SOURCE conftest.c >&5
configure:4741: $? = 0
configure:4741: result: yes
configure:4741: checking for stdint.h
configure:4741: gcc -c -g -O2 -pthread  -DLINUX -D_REENTRANT -D_GNU_SOURCE conftest.c >&5
configure:4741: $? = 0
configure:4741: result: yes
configure:4741: checking for unistd.h
configure:4741: gcc -c -g -O2 -pthread  -DLINUX -D_REENTRANT -D_GNU_SOURCE conftest.c >&5
configure:4741: $? = 0
configure:4741: result: yes
configure:18796: checking for default DBM
configure:18798: result: sdbm (default)
configure:19648: checking for pg_config
configure:19681: result: no
configure:19736: checking libpq-fe.h usability
configure:19736: gcc -c -g -O2 -pthread  -DLINUX -D_REENTRANT -D_GNU_SOURCE conftest.c >&5
conftest.c:52:10: fatal error: libpq-fe.h: No such file or directory
 #include <libpq-fe.h>
          ^~~~~~~~~~~~
compilation terminated.
configure:19736: $? = 1
configure: failed program was:
| /* confdefs.h */
| #define PACKAGE_NAME ""
| #define PACKAGE_TARNAME ""
| #define PACKAGE_VERSION ""
| #define PACKAGE_STRING ""
| #define PACKAGE_BUGREPORT ""
| #define PACKAGE_URL ""
| #define STDC_HEADERS 1
| #define HAVE_SYS_TYPES_H 1
| #define HAVE_SYS_STAT_H 1
| #define HAVE_STDLIB_H 1
| #define HAVE_STRING_H 1
| #define HAVE_MEMORY_H 1
| #define HAVE_STRINGS_H 1
| #define HAVE_INTTYPES_H 1
| #define HAVE_STDINT_H 1
| #define HAVE_UNISTD_H 1
| /* end confdefs.h.  */
| #include <stdio.h>
| #ifdef HAVE_SYS_TYPES_H
| # include <sys/types.h>
| #endif
| #ifdef HAVE_SYS_STAT_H
| # include <sys/stat.h>
| #endif
| #ifdef STDC_HEADERS
| # include <stdlib.h>
| # include <stddef.h>
| #else
| # ifdef HAVE_STDLIB_H
| #  include <stdlib.h>
| # endif
| #endif
| #ifdef HAVE_STRING_H
| # if !defined STDC_HEADERS && defined HAVE_MEMORY_H
| #  include <memory.h>
| # endif
| # include <string.h>
| #endif
| #ifdef HAVE_STRINGS_H
| # include <strings.h>
| #endif
| #ifdef HAVE_INTTYPES_H
| # include <inttypes.h>
| #endif
| #ifdef HAVE_STDINT_H
| # include <stdint.h>
| #endif
| #ifdef HAVE_UNISTD_H
| # include <unistd.h>
| #endif
| #include <libpq-fe.h>
configure:19736: result: no
configure:19736: checking libpq-fe.h presence
configure:19736: gcc -E  -DLINUX -D_REENTRANT -D_GNU_SOURCE conftest.c
conftest.c:19:10: fatal error: libpq-fe.h: No such file or directory
 #include <libpq-fe.h>
          ^~~~~~~~~~~~
compilation terminated.
configure:19736: $? = 1
configure: failed program was:
| /* confdefs.h */
| #define PACKAGE_NAME ""
| #define PACKAGE_TARNAME ""
| #define PACKAGE_VERSION ""
| #define PACKAGE_STRING ""
| #define PACKAGE_BUGREPORT ""
| #define PACKAGE_URL ""
| #define STDC_HEADERS 1
| #define HAVE_SYS_TYPES_H 1
| #define HAVE_SYS_STAT_H 1
| #define HAVE_STDLIB_H 1
| #define HAVE_STRING_H 1
| #define HAVE_MEMORY_H 1
| #define HAVE_STRINGS_H 1
| #define HAVE_INTTYPES_H 1
| #define HAVE_STDINT_H 1
| #define HAVE_UNISTD_H 1
| /* end confdefs.h.  */
| #include <libpq-fe.h>
configure:19736: result: no
configure:19736: checking for libpq-fe.h
configure:19736: result: no
configure:19858: checking postgresql/libpq-fe.h usability
configure:19858: gcc -c -g -O2 -pthread  -DLINUX -D_REENTRANT -D_GNU_SOURCE conftest.c >&5
conftest.c:52:10: fatal error: postgresql/libpq-fe.h: No such file or directory
 #include <postgresql/libpq-fe.h>
          ^~~~~~~~~~~~~~~~~~~~~~~
compilation terminated.
configure:19858: $? = 1
configure: failed program was:
| /* confdefs.h */
| #define PACKAGE_NAME ""
| #define PACKAGE_TARNAME ""
| #define PACKAGE_VERSION ""
| #define PACKAGE_STRING ""
| #define PACKAGE_BUGREPORT ""
| #define PACKAGE_URL ""
| #define STDC_HEADERS 1
| #define HAVE_SYS_TYPES_H 1
| #define HAVE_SYS_STAT_H 1
| #define HAVE_STDLIB_H 1
| #define HAVE_STRING_H 1
| #define HAVE_MEMORY_H 1
| #define HAVE_STRINGS_H 1
| #define HAVE_INTTYPES_H 1
| #define HAVE_STDINT_H 1
| #define HAVE_UNISTD_H 1
| /* end confdefs.h.  */
| #include <stdio.h>
| #ifdef HAVE_SYS_TYPES_H
| # include <sys/types.h>
| #endif
| #ifdef HAVE_SYS_STAT_H
| # include <sys/stat.h>
| #endif
| #ifdef STDC_HEADERS
| # include <stdlib.h>
| # include <stddef.h>
| #else
| # ifdef HAVE_STDLIB_H
| #  include <stdlib.h>
| # endif
| #endif
| #ifdef HAVE_STRING_H
| # if !defined STDC_HEADERS && defined HAVE_MEMORY_H
| #  include <memory.h>
| # endif
| # include <string.h>
| #endif
| #ifdef HAVE_STRINGS_H
| # include <strings.h>
| #endif
| #ifdef HAVE_INTTYPES_H
| # include <inttypes.h>
| #endif
| #ifdef HAVE_STDINT_H
| # include <stdint.h>
| #endif
| #ifdef HAVE_UNISTD_H
| # include <unistd.h>
| #endif
| #include <postgresql/libpq-fe.h>
configure:19858: result: no
configure:19858: checking postgresql/libpq-fe.h presence
configure:19858: gcc -E  -DLINUX -D_REENTRANT -D_GNU_SOURCE conftest.c
conftest.c:19:10: fatal error: postgresql/libpq-fe.h: No such file or directory
 #include <postgresql/libpq-fe.h>
          ^~~~~~~~~~~~~~~~~~~~~~~
compilation terminated.
configure:19858: $? = 1
configure: failed program was:
| /* confdefs.h */
| #define PACKAGE_NAME ""
| #define PACKAGE_TARNAME ""
| #define PACKAGE_VERSION ""
| #define PACKAGE_STRING ""
| #define PACKAGE_BUGREPORT ""
| #define PACKAGE_URL ""
| #define STDC_HEADERS 1
| #define HAVE_SYS_TYPES_H 1
| #define HAVE_SYS_STAT_H 1
| #define HAVE_STDLIB_H 1
| #define HAVE_STRING_H 1
| #define HAVE_MEMORY_H 1
| #define HAVE_STRINGS_H 1
| #define HAVE_INTTYPES_H 1
| #define HAVE_STDINT_H 1
| #define HAVE_UNISTD_H 1
| /* end confdefs.h.  */
| #include <postgresql/libpq-fe.h>
configure:19858: result: no
configure:19858: checking for postgresql/libpq-fe.h
configure:19858: result: no
configure:20754: checking sqlite3.h usability
configure:20754: gcc -c -g -O2 -pthread  -DLINUX -D_REENTRANT -D_GNU_SOURCE conftest.c >&5
conftest.c:52:10: fatal error: sqlite3.h: No such file or directory
 #include <sqlite3.h>
          ^~~~~~~~~~~
compilation terminated.
configure:20754: $? = 1
configure: failed program was:
| /* confdefs.h */
| #define PACKAGE_NAME ""
| #define PACKAGE_TARNAME ""
| #define PACKAGE_VERSION ""
| #define PACKAGE_STRING ""
| #define PACKAGE_BUGREPORT ""
| #define PACKAGE_URL ""
| #define STDC_HEADERS 1
| #define HAVE_SYS_TYPES_H 1
| #define HAVE_SYS_STAT_H 1
| #define HAVE_STDLIB_H 1
| #define HAVE_STRING_H 1
| #define HAVE_MEMORY_H 1
| #define HAVE_STRINGS_H 1
| #define HAVE_INTTYPES_H 1
| #define HAVE_STDINT_H 1
| #define HAVE_UNISTD_H 1
| /* end confdefs.h.  */
| #include <stdio.h>
| #ifdef HAVE_SYS_TYPES_H
| # include <sys/types.h>
| #endif
| #ifdef HAVE_SYS_STAT_H
| # include <sys/stat.h>
| #endif
| #ifdef STDC_HEADERS
| # include <stdlib.h>
| # include <stddef.h>
| #else
| # ifdef HAVE_STDLIB_H
| #  include <stdlib.h>
| # endif
| #endif
| #ifdef HAVE_STRING_H
| # if !defined STDC_HEADERS && defined HAVE_MEMORY_H
| #  include <memory.h>
| # endif
| # include <string.h>
| #endif
| #ifdef HAVE_STRINGS_H
| # include <strings.h>
| #endif
| #ifdef HAVE_INTTYPES_H
| # include <inttypes.h>
| #endif
| #ifdef HAVE_STDINT_H
| # include <stdint.h>
| #endif
| #ifdef HAVE_UNISTD_H
| # include <unistd.h>
| #endif
| #include <sqlite3.h>
configure:20754: result: no
configure:20754: checking sqlite3.h presence
configure:20754: gcc -E  -DLINUX -D_REENTRANT -D_GNU_SOURCE conftest.c
conftest.c:19:10: fatal error: sqlite3.h: No such file or directory
 #include <sqlite3.h>
          ^~~~~~~~~~~
compilation terminated.
configure:20754: $? = 1
configure: failed program was:
| /* confdefs.h */
| #define PACKAGE_NAME ""
| #define PACKAGE_TARNAME ""
| #define PACKAGE_VERSION ""
| #define PACKAGE_STRING ""
| #define PACKAGE_BUGREPORT ""
| #define PACKAGE_URL ""
| #define STDC_HEADERS 1
| #define HAVE_SYS_TYPES_H 1
| #define HAVE_SYS_STAT_H 1
| #define HAVE_STDLIB_H 1
| #define HAVE_STRING_H 1
| #define HAVE_MEMORY_H 1
| #define HAVE_STRINGS_H 1
| #define HAVE_INTTYPES_H 1
| #define HAVE_STDINT_H 1
| #define HAVE_UNISTD_H 1
| /* end confdefs.h.  */
| #include <sqlite3.h>
configure:20754: result: no
configure:20754: checking for sqlite3.h
configure:20754: result: no
configure:21032: checking sqlite.h usability
configure:21032: gcc -c -g -O2 -pthread  -DLINUX -D_REENTRANT -D_GNU_SOURCE conftest.c >&5
conftest.c:52:10: fatal error: sqlite.h: No such file or directory
 #include <sqlite.h>
          ^~~~~~~~~~
compilation terminated.
configure:21032: $? = 1
configure: failed program was:
| /* confdefs.h */
| #define PACKAGE_NAME ""
| #define PACKAGE_TARNAME ""
| #define PACKAGE_VERSION ""
| #define PACKAGE_STRING ""
| #define PACKAGE_BUGREPORT ""
| #define PACKAGE_URL ""
| #define STDC_HEADERS 1
| #define HAVE_SYS_TYPES_H 1
| #define HAVE_SYS_STAT_H 1
| #define HAVE_STDLIB_H 1
| #define HAVE_STRING_H 1
| #define HAVE_MEMORY_H 1
| #define HAVE_STRINGS_H 1
| #define HAVE_INTTYPES_H 1
| #define HAVE_STDINT_H 1
| #define HAVE_UNISTD_H 1
| /* end confdefs.h.  */
| #include <stdio.h>
| #ifdef HAVE_SYS_TYPES_H
| # include <sys/types.h>
| #endif
| #ifdef HAVE_SYS_STAT_H
| # include <sys/stat.h>
| #endif
| #ifdef STDC_HEADERS
| # include <stdlib.h>
| # include <stddef.h>
| #else
| # ifdef HAVE_STDLIB_H
| #  include <stdlib.h>
| # endif
| #endif
| #ifdef HAVE_STRING_H
| # if !defined STDC_HEADERS && defined HAVE_MEMORY_H
| #  include <memory.h>
| # endif
| # include <string.h>
| #endif
| #ifdef HAVE_STRINGS_H
| # include <strings.h>
| #endif
| #ifdef HAVE_INTTYPES_H
| # include <inttypes.h>
| #endif
| #ifdef HAVE_STDINT_H
| # include <stdint.h>
| #endif
| #ifdef HAVE_UNISTD_H
| # include <unistd.h>
| #endif
| #include <sqlite.h>
configure:21032: result: no
configure:21032: checking sqlite.h presence
configure:21032: gcc -E  -DLINUX -D_REENTRANT -D_GNU_SOURCE conftest.c
conftest.c:19:10: fatal error: sqlite.h: No such file or directory
 #include <sqlite.h>
          ^~~~~~~~~~
compilation terminated.
configure:21032: $? = 1
configure: failed program was:
| /* confdefs.h */
| #define PACKAGE_NAME ""
| #define PACKAGE_TARNAME ""
| #define PACKAGE_VERSION ""
| #define PACKAGE_STRING ""
| #define PACKAGE_BUGREPORT ""
| #define PACKAGE_URL ""
| #define STDC_HEADERS 1
| #define HAVE_SYS_TYPES_H 1
| #define HAVE_SYS_STAT_H 1
| #define HAVE_STDLIB_H 1
| #define HAVE_STRING_H 1
| #define HAVE_MEMORY_H 1
| #define HAVE_STRINGS_H 1
| #define HAVE_INTTYPES_H 1
| #define HAVE_STDINT_H 1
| #define HAVE_UNISTD_H 1
| /* end confdefs.h.  */
| #include <sqlite.h>
configure:21032: result: no
configure:21032: checking for sqlite.h
configure:21032: result: no
configure:22252: checking for odbc_config
configure:22285: result: no
configure:22362: checking sql.h usability
configure:22362: gcc -c -g -O2 -pthread  -DLINUX -D_REENTRANT -D_GNU_SOURCE conftest.c >&5
conftest.c:52:10: fatal error: sql.h: No such file or directory
 #include <sql.h>
          ^~~~~~~
compilation terminated.
configure:22362: $? = 1
configure: failed program was:
| /* confdefs.h */
| #define PACKAGE_NAME ""
| #define PACKAGE_TARNAME ""
| #define PACKAGE_VERSION ""
| #define PACKAGE_STRING ""
| #define PACKAGE_BUGREPORT ""
| #define PACKAGE_URL ""
| #define STDC_HEADERS 1
| #define HAVE_SYS_TYPES_H 1
| #define HAVE_SYS_STAT_H 1
| #define HAVE_STDLIB_H 1
| #define HAVE_STRING_H 1
| #define HAVE_MEMORY_H 1
| #define HAVE_STRINGS_H 1
| #define HAVE_INTTYPES_H 1
| #define HAVE_STDINT_H 1
| #define HAVE_UNISTD_H 1
| /* end confdefs.h.  */
| #include <stdio.h>
| #ifdef HAVE_SYS_TYPES_H
| # include <sys/types.h>
| #endif
| #ifdef HAVE_SYS_STAT_H
| # include <sys/stat.h>
| #endif
| #ifdef STDC_HEADERS
| # include <stdlib.h>
| # include <stddef.h>
| #else
| # ifdef HAVE_STDLIB_H
| #  include <stdlib.h>
| # endif
| #endif
| #ifdef HAVE_STRING_H
| # if !defined STDC_HEADERS && defined HAVE_MEMORY_H
| #  include <memory.h>
| # endif
| # include <string.h>
| #endif
| #ifdef HAVE_STRINGS_H
| # include <strings.h>
| #endif
| #ifdef HAVE_INTTYPES_H
| # include <inttypes.h>
| #endif
| #ifdef HAVE_STDINT_H
| # include <stdint.h>
| #endif
| #ifdef HAVE_UNISTD_H
| # include <unistd.h>
| #endif
| #include <sql.h>
configure:22362: result: no
configure:22362: checking sql.h presence
configure:22362: gcc -E  -DLINUX -D_REENTRANT -D_GNU_SOURCE conftest.c
conftest.c:19:10: fatal error: sql.h: No such file or directory
 #include <sql.h>
          ^~~~~~~
compilation terminated.
configure:22362: $? = 1
configure: failed program was:
| /* confdefs.h */
| #define PACKAGE_NAME ""
| #define PACKAGE_TARNAME ""
| #define PACKAGE_VERSION ""
| #define PACKAGE_STRING ""
| #define PACKAGE_BUGREPORT ""
| #define PACKAGE_URL ""
| #define STDC_HEADERS 1
| #define HAVE_SYS_TYPES_H 1
| #define HAVE_SYS_STAT_H 1
| #define HAVE_STDLIB_H 1
| #define HAVE_STRING_H 1
| #define HAVE_MEMORY_H 1
| #define HAVE_STRINGS_H 1
| #define HAVE_INTTYPES_H 1
| #define HAVE_STDINT_H 1
| #define HAVE_UNISTD_H 1
| /* end confdefs.h.  */
| #include <sql.h>
configure:22362: result: no
configure:22362: checking for sql.h
configure:22362: result: no
configure:22414: checking odbc/sql.h usability
configure:22414: gcc -c -g -O2 -pthread  -DLINUX -D_REENTRANT -D_GNU_SOURCE conftest.c >&5
conftest.c:52:10: fatal error: odbc/sql.h: No such file or directory
 #include <odbc/sql.h>
          ^~~~~~~~~~~~
compilation terminated.
configure:22414: $? = 1
configure: failed program was:
| /* confdefs.h */
| #define PACKAGE_NAME ""
| #define PACKAGE_TARNAME ""
| #define PACKAGE_VERSION ""
| #define PACKAGE_STRING ""
| #define PACKAGE_BUGREPORT ""
| #define PACKAGE_URL ""
| #define STDC_HEADERS 1
| #define HAVE_SYS_TYPES_H 1
| #define HAVE_SYS_STAT_H 1
| #define HAVE_STDLIB_H 1
| #define HAVE_STRING_H 1
| #define HAVE_MEMORY_H 1
| #define HAVE_STRINGS_H 1
| #define HAVE_INTTYPES_H 1
| #define HAVE_STDINT_H 1
| #define HAVE_UNISTD_H 1
| /* end confdefs.h.  */
| #include <stdio.h>
| #ifdef HAVE_SYS_TYPES_H
| # include <sys/types.h>
| #endif
| #ifdef HAVE_SYS_STAT_H
| # include <sys/stat.h>
| #endif
| #ifdef STDC_HEADERS
| # include <stdlib.h>
| # include <stddef.h>
| #else
| # ifdef HAVE_STDLIB_H
| #  include <stdlib.h>
| # endif
| #endif
| #ifdef HAVE_STRING_H
| # if !defined STDC_HEADERS && defined HAVE_MEMORY_H
| #  include <memory.h>
| # endif
| # include <string.h>
| #endif
| #ifdef HAVE_STRINGS_H
| # include <strings.h>
| #endif
| #ifdef HAVE_INTTYPES_H
| # include <inttypes.h>
| #endif
| #ifdef HAVE_STDINT_H
| # include <stdint.h>
| #endif
| #ifdef HAVE_UNISTD_H
| # include <unistd.h>
| #endif
| #include <odbc/sql.h>
configure:22414: result: no
configure:22414: checking odbc/sql.h presence
configure:22414: gcc -E  -DLINUX -D_REENTRANT -D_GNU_SOURCE conftest.c
conftest.c:19:10: fatal error: odbc/sql.h: No such file or directory
 #include <odbc/sql.h>
          ^~~~~~~~~~~~
compilation terminated.
configure:22414: $? = 1
configure: failed program was:
| /* confdefs.h */
| #define PACKAGE_NAME ""
| #define PACKAGE_TARNAME ""
| #define PACKAGE_VERSION ""
| #define PACKAGE_STRING ""
| #define PACKAGE_BUGREPORT ""
| #define PACKAGE_URL ""
| #define STDC_HEADERS 1
| #define HAVE_SYS_TYPES_H 1
| #define HAVE_SYS_STAT_H 1
| #define HAVE_STDLIB_H 1
| #define HAVE_STRING_H 1
| #define HAVE_MEMORY_H 1
| #define HAVE_STRINGS_H 1
| #define HAVE_INTTYPES_H 1
| #define HAVE_STDINT_H 1
| #define HAVE_UNISTD_H 1
| /* end confdefs.h.  */
| #include <odbc/sql.h>
configure:22414: result: no
configure:22414: checking for odbc/sql.h
configure:22414: result: no
configure:22643: checking Expat 1.95.x
configure:22663: gcc -o conftest -g -O2 -pthread  -DLINUX -D_REENTRANT -D_GNU_SOURCE  conftest.c  -lexpat >&5
configure:22663: $? = 0
configure:22673: result: yes
configure:23171: checking iconv.h usability
configure:23171: gcc -c -g -O2 -pthread  -DLINUX -D_REENTRANT -D_GNU_SOURCE conftest.c >&5
configure:23171: $? = 0
configure:23171: result: yes
configure:23171: checking iconv.h presence
configure:23171: gcc -E  -DLINUX -D_REENTRANT -D_GNU_SOURCE conftest.c
configure:23171: $? = 0
configure:23171: result: yes
configure:23171: checking for iconv.h
configure:23171: result: yes
configure:23192: gcc -o conftest -g -O2 -pthread  -DLINUX -D_REENTRANT -D_GNU_SOURCE  conftest.c  >&5
configure:23192: $? = 0
configure:23415: checking for type of inbuf parameter to iconv
configure:23438: gcc -c -g -O2 -pthread  -Werror  -DLINUX -D_REENTRANT -D_GNU_SOURCE conftest.c >&5
configure:23438: $? = 0
configure:23456: result: char **
configure:23465: checking for iconv.h
configure:23465: result: yes
configure:23465: checking langinfo.h usability
configure:23465: gcc -c -g -O2 -pthread  -DLINUX -D_REENTRANT -D_GNU_SOURCE conftest.c >&5
configure:23465: $? = 0
configure:23465: result: yes
configure:23465: checking langinfo.h presence
configure:23465: gcc -E  -DLINUX -D_REENTRANT -D_GNU_SOURCE conftest.c
configure:23465: $? = 0
configure:23465: result: yes
configure:23465: checking for langinfo.h
configure:23465: result: yes
configure:23489: checking for nl_langinfo
configure:23489: gcc -o conftest -g -O2 -pthread  -DLINUX -D_REENTRANT -D_GNU_SOURCE  conftest.c  >&5
configure:23489: $? = 0
configure:23489: result: yes
configure:23509: checking for CODESET in langinfo.h
configure:23534: result: yes
configure:23558: checking whether APR has DSO support
configure:23583: result: yes
configure:23668: checking for library containing crypt
configure:23699: gcc -o conftest -g -O2 -pthread  -DLINUX -D_REENTRANT -D_GNU_SOURCE  conftest.c  >&5
/tmp/cc7Soupm.o: In function `main':
/proj/uic-dcs-PG0/fshahi52/httpd/httpd-trunk/srclib/apr-util/conftest.c:36: undefined reference to `crypt'
collect2: error: ld returned 1 exit status
configure:23699: $? = 1
configure: failed program was:
| /* confdefs.h */
| #define PACKAGE_NAME ""
| #define PACKAGE_TARNAME ""
| #define PACKAGE_VERSION ""
| #define PACKAGE_STRING ""
| #define PACKAGE_BUGREPORT ""
| #define PACKAGE_URL ""
| #define STDC_HEADERS 1
| #define HAVE_SYS_TYPES_H 1
| #define HAVE_SYS_STAT_H 1
| #define HAVE_STDLIB_H 1
| #define HAVE_STRING_H 1
| #define HAVE_MEMORY_H 1
| #define HAVE_STRINGS_H 1
| #define HAVE_INTTYPES_H 1
| #define HAVE_STDINT_H 1
| #define HAVE_UNISTD_H 1
| #define HAVE_EXPAT_H 1
| #define HAVE_ICONV_H 1
| #define HAVE_LANGINFO_H 1
| #define HAVE_NL_LANGINFO 1
| #define HAVE_CODESET 1
| #define APU_DSO_BUILD 1
| /* end confdefs.h.  */
| 
| /* Override any GCC internal prototype to avoid an error.
|    Use char because int might match the return type of a GCC
|    builtin and then its argument prototype would still apply.  */
| #ifdef __cplusplus
| extern "C"
| #endif
| char crypt ();
| int
| main ()
| {
| return crypt ();
|   ;
|   return 0;
| }
configure:23699: gcc -o conftest -g -O2 -pthread  -DLINUX -D_REENTRANT -D_GNU_SOURCE  conftest.c -lcrypt   >&5
configure:23699: $? = 0
configure:23716: result: -lcrypt
configure:23724: checking if system crypt() function is threadsafe
configure:23734: result: no
configure:23739: checking for crypt_r
configure:23739: gcc -o conftest -g -O2 -pthread  -DLINUX -D_REENTRANT -D_GNU_SOURCE  conftest.c -lcrypt  >&5
configure:23739: $? = 0
configure:23739: result: yes
configure:23753: checking style of crypt_r
configure:23770: gcc -c -g -O2 -pthread  -DLINUX -D_REENTRANT -D_GNU_SOURCE conftest.c >&5
conftest.c: In function 'main':
conftest.c:30:1: error: unknown type name 'CRYPTD'; did you mean '_CRYPT_H'?
 CRYPTD buffer;
 ^~~~~~
 _CRYPT_H
conftest.c:31:29: warning: passing argument 3 of 'crypt_r' from incompatible pointer type [-Wincompatible-pointer-types]
   crypt_r("passwd", "hash", &buffer);
                             ^
In file included from conftest.c:26:0:
/usr/include/crypt.h:60:14: note: expected 'struct crypt_data * restrict' but argument is of type 'int *'
 extern char *crypt_r (const char *__key, const char *__salt,
              ^~~~~~~
configure:23770: $? = 1
configure: failed program was:
| /* confdefs.h */
| #define PACKAGE_NAME ""
| #define PACKAGE_TARNAME ""
| #define PACKAGE_VERSION ""
| #define PACKAGE_STRING ""
| #define PACKAGE_BUGREPORT ""
| #define PACKAGE_URL ""
| #define STDC_HEADERS 1
| #define HAVE_SYS_TYPES_H 1
| #define HAVE_SYS_STAT_H 1
| #define HAVE_STDLIB_H 1
| #define HAVE_STRING_H 1
| #define HAVE_MEMORY_H 1
| #define HAVE_STRINGS_H 1
| #define HAVE_INTTYPES_H 1
| #define HAVE_STDINT_H 1
| #define HAVE_UNISTD_H 1
| #define HAVE_EXPAT_H 1
| #define HAVE_ICONV_H 1
| #define HAVE_LANGINFO_H 1
| #define HAVE_NL_LANGINFO 1
| #define HAVE_CODESET 1
| #define APU_DSO_BUILD 1
| #define HAVE_CRYPT_R 1
| /* end confdefs.h.  */
| #include <crypt.h>
| int
| main ()
| {
| CRYPTD buffer;
|   crypt_r("passwd", "hash", &buffer);
|   ;
|   return 0;
| }
configure:23785: gcc -c -g -O2 -pthread  -DLINUX -D_REENTRANT -D_GNU_SOURCE conftest.c >&5
configure:23785: $? = 0
configure:23794: result: struct_crypt_data
configure:23809: checking whether the compiler handles weak symbols
configure:23830: gcc -o conftest -g -O2 -pthread  -DLINUX -D_REENTRANT -D_GNU_SOURCE  conftest.c -lcrypt  >&5
configure:23830: $? = 0
configure:23830: ./conftest
configure:23830: $? = 0
configure:23840: result: yes
configure:23849: checking for memset_s support
configure:23871: gcc -o conftest -g -O2 -pthread  -DLINUX -D_REENTRANT -D_GNU_SOURCE  conftest.c -lcrypt  >&5
conftest.c: In function 'main':
conftest.c:37:12: warning: implicit declaration of function 'memset_s'; did you mean 'memset'? [-Wimplicit-function-declaration]
     return memset_s(buf, sizeof buf, 0, sizeof buf) != 0 || *buf != '\0';
            ^~~~~~~~
            memset
/tmp/ccyzFbBL.o: In function `main':
/proj/uic-dcs-PG0/fshahi52/httpd/httpd-trunk/srclib/apr-util/conftest.c:37: undefined reference to `memset_s'
collect2: error: ld returned 1 exit status
configure:23871: $? = 1
configure: program exited with status 1
configure: failed program was:
| /* confdefs.h */
| #define PACKAGE_NAME ""
| #define PACKAGE_TARNAME ""
| #define PACKAGE_VERSION ""
| #define PACKAGE_STRING ""
| #define PACKAGE_BUGREPORT ""
| #define PACKAGE_URL ""
| #define STDC_HEADERS 1
| #define HAVE_SYS_TYPES_H 1
| #define HAVE_SYS_STAT_H 1
| #define HAVE_STDLIB_H 1
| #define HAVE_STRING_H 1
| #define HAVE_MEMORY_H 1
| #define HAVE_STRINGS_H 1
| #define HAVE_INTTYPES_H 1
| #define HAVE_STDINT_H 1
| #define HAVE_UNISTD_H 1
| #define HAVE_EXPAT_H 1
| #define HAVE_ICONV_H 1
| #define HAVE_LANGINFO_H 1
| #define HAVE_NL_LANGINFO 1
| #define HAVE_CODESET 1
| #define APU_DSO_BUILD 1
| #define HAVE_CRYPT_R 1
| #define CRYPT_R_STRUCT_CRYPT_DATA 1
| #define HAVE_WEAK_SYMBOLS 1
| /* end confdefs.h.  */
| 
| #ifdef HAVE_STRING_H
| #define __STDC_WANT_LIB_EXT1__ 1
| #include <string.h>
| #endif
| 
| int main(int argc, const char **argv)
| {
|     char buf[1] = {1};
|     return memset_s(buf, sizeof buf, 0, sizeof buf) != 0 || *buf != '\0';
| }
configure:23881: result: no
configure:23890: checking for explicit_bzero support
configure:23915: gcc -o conftest -g -O2 -pthread  -DLINUX -D_REENTRANT -D_GNU_SOURCE  conftest.c -lcrypt  >&5
configure:23915: $? = 0
configure:23915: ./conftest
configure:23915: $? = 0
configure:23925: result: yes
configure:24162: creating ./config.status

## ---------------------- ##
## Running config.status. ##
## ---------------------- ##

This file was extended by config.status, which was
generated by GNU Autoconf 2.69.  Invocation command line was

  CONFIG_FILES    = 
  CONFIG_HEADERS  = 
  CONFIG_LINKS    = 
  CONFIG_COMMANDS = 
  $ ./config.status 

on node-0.tas-httpd-exp.uic-dcs-pg0.clemson.cloudlab.us

config.status:935: creating Makefile
config.status:935: creating export_vars.sh
config.status:935: creating build/pkg/pkginfo
config.status:935: creating apr-util.pc
config.status:935: creating apu-1-config
config.status:935: creating include/private/apu_select_dbm.h
config.status:935: creating include/apr_ldap.h
config.status:935: creating include/apu.h
config.status:935: creating include/apu_want.h
config.status:935: creating test/Makefile
config.status:935: creating include/private/apu_config.h
config.status:1110: include/private/apu_config.h is unchanged
config.status:1124: executing default commands

## ---------------- ##
## Cache variables. ##
## ---------------- ##

ac_cv_build=x86_64-pc-linux-gnu
ac_cv_c_compiler_gnu=yes
ac_cv_define_CODESET=yes
ac_cv_env_CC_set=
ac_cv_env_CC_value=
ac_cv_env_CFLAGS_set=
ac_cv_env_CFLAGS_value=
ac_cv_env_CPPFLAGS_set=
ac_cv_env_CPPFLAGS_value=
ac_cv_env_CPP_set=
ac_cv_env_CPP_value=
ac_cv_env_LDFLAGS_set=
ac_cv_env_LDFLAGS_value=
ac_cv_env_LIBS_set=
ac_cv_env_LIBS_value=
ac_cv_env_build_alias_set=
ac_cv_env_build_alias_value=
ac_cv_env_host_alias_set=
ac_cv_env_host_alias_value=
ac_cv_env_target_alias_set=
ac_cv_env_target_alias_value=
ac_cv_func_crypt_r=yes
ac_cv_func_nl_langinfo=yes
ac_cv_header_iconv_h=yes
ac_cv_header_inttypes_h=yes
ac_cv_header_langinfo_h=yes
ac_cv_header_libpq_fe_h=no
ac_cv_header_memory_h=yes
ac_cv_header_odbc_sql_h=no
ac_cv_header_postgresql_libpq_fe_h=no
ac_cv_header_sql_h=no
ac_cv_header_sqlite3_h=no
ac_cv_header_sqlite_h=no
ac_cv_header_stdc=yes
ac_cv_header_stdint_h=yes
ac_cv_header_stdlib_h=yes
ac_cv_header_string_h=yes
ac_cv_header_strings_h=yes
ac_cv_header_sys_stat_h=yes
ac_cv_header_sys_types_h=yes
ac_cv_header_unistd_h=yes
ac_cv_host=x86_64-pc-linux-gnu
ac_cv_mkdir_p=yes
ac_cv_objext=o
ac_cv_path_EGREP='/bin/grep -E'
ac_cv_path_GREP=/bin/grep
ac_cv_path_install='/usr/bin/install -c'
ac_cv_prog_CPP='gcc -E'
ac_cv_prog_ac_ct_CC=gcc
ac_cv_prog_cc_c89=
ac_cv_prog_cc_g=yes
ac_cv_search_crypt=-lcrypt
ac_cv_target=x86_64-pc-linux-gnu
apr_cv_crypt_r_style=struct_crypt_data
apu_cv_aprdso=yes
apu_cv_expat_system=yes
apu_cv_explicit_bzero=yes
apu_cv_memset_s=no
apu_cv_weak_symbols=yes

## ----------------- ##
## Output variables. ##
## ----------------- ##

APRUTIL_DOTTED_VERSION='1.6.1'
APRUTIL_EXPORT_LIBS='-lexpat'
APRUTIL_INCLUDES=''
APRUTIL_LDFLAGS=''
APRUTIL_LIBNAME='aprutil-${APRUTIL_MAJOR_VERSION}'
APRUTIL_LIBS='-lexpat /proj/uic-dcs-PG0/fshahi52/httpd/httpd-trunk/srclib/apr/libapr-1.la -lrt -lcrypt -lpthread -ldl'
APRUTIL_MAJOR_VERSION='1'
APRUTIL_PRIV_INCLUDES='-I/proj/uic-dcs-PG0/fshahi52/httpd/httpd-trunk/srclib/apr-util/include -I/proj/uic-dcs-PG0/fshahi52/httpd/httpd-trunk/srclib/apr-util/include/private'
APR_BUILD_DIR='/proj/uic-dcs-PG0/fshahi52/httpd/httpd-trunk/srclib/apr/build'
APR_ICONV_DIR=''
APR_INCLUDES=' -I/proj/uic-dcs-PG0/fshahi52/httpd/httpd-trunk/srclib/apr/include '
APR_LIBS=' /proj/uic-dcs-PG0/fshahi52/httpd/httpd-trunk/srclib/apr/libapr-1.la -lrt -lcrypt  -lpthread -ldl'
APU_CONFIG_LOCATION='source'
APU_DSO_LIBDIR='${libdir}/apr-util-1'
APU_HAVE_MODULES='no'
APU_LTVERSION='-version-info 6:1:6'
APU_MODULES=''
CC='gcc'
CFLAGS='-g -O2 -pthread'
CPP='gcc -E'
CPPFLAGS=' -DLINUX -D_REENTRANT -D_GNU_SOURCE'
DEFS='-DHAVE_CONFIG_H'
ECHO_C=''
ECHO_N='-n'
ECHO_T=''
EGREP='/bin/grep -E'
EXEEXT=''
EXTRA_OBJECTS=''
GREP='/bin/grep'
INCLUDE_OUTPUTS='include /proj/uic-dcs-PG0/fshahi52/httpd/httpd-trunk/srclib/apr-util/build-outputs.mk'
INCLUDE_RULES='include /proj/uic-dcs-PG0/fshahi52/httpd/httpd-trunk/srclib/apr-util/build/rules.mk'
INSTALL_DATA='${INSTALL} -m 644'
INSTALL_PROGRAM='${INSTALL}'
INSTALL_SCRIPT='${INSTALL}'
LDADD_crypto_commoncrypto=''
LDADD_crypto_nss=''
LDADD_crypto_openssl=''
LDADD_dbd_mysql=''
LDADD_dbd_odbc=''
LDADD_dbd_oracle=''
LDADD_dbd_pgsql=''
LDADD_dbd_sqlite2=''
LDADD_dbd_sqlite3=''
LDADD_dbm_db=''
LDADD_dbm_gdbm=''
LDADD_dbm_ndbm=''
LDADD_ldap=''
LDFLAGS=''
LIBOBJS=''
LIBS='-lcrypt '
LTLIBOBJS=''
LT_NO_INSTALL='-no-install'
MYSQL_CONFIG=''
OBJEXT='o'
ODBC_CONFIG=''
PACKAGE_BUGREPORT=''
PACKAGE_NAME=''
PACKAGE_STRING=''
PACKAGE_TARNAME=''
PACKAGE_URL=''
PACKAGE_VERSION=''
PATH_SEPARATOR=':'
PGSQL_CONFIG=''
PKG_CONFIG=''
SHELL='/bin/bash'
abs_builddir='/proj/uic-dcs-PG0/fshahi52/httpd/httpd-trunk/srclib/apr-util'
abs_srcdir='/proj/uic-dcs-PG0/fshahi52/httpd/httpd-trunk/srclib/apr-util'
ac_ct_CC='gcc'
apr_shlibpath_var='LD_LIBRARY_PATH'
apu_db_header='db.h'
apu_db_version='0'
apu_dbd_tests=''
apu_has_ldap='0'
apu_has_ldap_microsoft='0'
apu_has_ldap_mozilla='0'
apu_has_ldap_netscape='0'
apu_has_ldap_novell='0'
apu_has_ldap_openldap='0'
apu_has_ldap_other='0'
apu_has_ldap_solaris='0'
apu_has_ldap_sslinit='0'
apu_has_ldap_start_tls_s='0'
apu_has_ldap_tivoli='0'
apu_has_ldap_zos='0'
apu_has_ldapssl_add_trusted_cert='0'
apu_has_ldapssl_client_deinit='0'
apu_has_ldapssl_client_init='0'
apu_has_ldapssl_init='0'
apu_has_ldapssl_install_routines='0'
apu_have_commoncrypto='0'
apu_have_crypto='0'
apu_have_db='0'
apu_have_gdbm='0'
apu_have_mysql='0'
apu_have_ndbm='0'
apu_have_nss='0'
apu_have_odbc='0'
apu_have_openssl='0'
apu_have_oracle='0'
apu_have_pgsql='0'
apu_have_sdbm='1'
apu_have_sqlite2='0'
apu_have_sqlite3='0'
apu_use_db='0'
apu_use_gdbm='0'
apu_use_ndbm='0'
apu_use_sdbm='1'
bindir='${prefix}/bin'
build='x86_64-pc-linux-gnu'
build_alias=''
build_cpu='x86_64'
build_os='linux-gnu'
build_vendor='pc'
datadir='${prefix}'
datarootdir='${prefix}/share'
docdir='${datarootdir}/doc/${PACKAGE}'
dvidir='${docdir}'
exec_prefix='/usr/local/apache2'
have_apr_iconv='0'
have_iconv='1'
host='x86_64-pc-linux-gnu'
host_alias=''
host_cpu='x86_64'
host_os='linux-gnu'
host_vendor='pc'
htmldir='${docdir}'
includedir='/usr/local/apache2/include'
infodir='${datarootdir}/info'
lber_h=''
ldap_h=''
ldap_ssl_h=''
lib_target='-rpath $(libdir) $(OBJECTS)'
libdir='${prefix}/lib'
libexecdir='${exec_prefix}/modules'
localedir='${datarootdir}/locale'
localstatedir='${prefix}'
mandir='${prefix}/man'
oldincludedir='/usr/include'
pdfdir='${docdir}'
prefix='/usr/local/apache2'
program_transform_name='s,x,x,'
psdir='${docdir}'
runstatedir='${localstatedir}/run'
sbindir='${exec_prefix}/bin'
sharedstatedir='${prefix}/com'
so_ext='lo'
sysconfdir='${prefix}/conf'
target='x86_64-pc-linux-gnu'
target_alias=''
target_cpu='x86_64'
target_os='linux-gnu'
target_vendor='pc'
top_builddir='/proj/uic-dcs-PG0/fshahi52/httpd/httpd-trunk/srclib/apr-util'

## ----------- ##
## confdefs.h. ##
## ----------- ##

/* confdefs.h */
#define PACKAGE_NAME ""
#define PACKAGE_TARNAME ""
#define PACKAGE_VERSION ""
#define PACKAGE_STRING ""
#define PACKAGE_BUGREPORT ""
#define PACKAGE_URL ""
#define STDC_HEADERS 1
#define HAVE_SYS_TYPES_H 1
#define HAVE_SYS_STAT_H 1
#define HAVE_STDLIB_H 1
#define HAVE_STRING_H 1
#define HAVE_MEMORY_H 1
#define HAVE_STRINGS_H 1
#define HAVE_INTTYPES_H 1
#define HAVE_STDINT_H 1
#define HAVE_UNISTD_H 1
#define HAVE_EXPAT_H 1
#define HAVE_ICONV_H 1
#define HAVE_LANGINFO_H 1
#define HAVE_NL_LANGINFO 1
#define HAVE_CODESET 1
#define APU_DSO_BUILD 1
#define HAVE_CRYPT_R 1
#define CRYPT_R_STRUCT_CRYPT_DATA 1
#define HAVE_WEAK_SYMBOLS 1
#define HAVE_EXPLICIT_BZERO 1
#define APU_DSO_LIBDIR "/usr/local/apache2/lib/apr-util-1"

configure: exit 0
